
Timestamp: 2025-03-13 14:54:12
Model: XGBoost
Best Hyperparameters: {'learning_rate': 0.1040275387678505, 'n_estimators': 339, 'max_depth': 4, 'min_child_weight': 7, 'gamma': 4.09616589780161, 'subsample': 0.8628345990575292, 'colsample_bytree': 0.537160980152967, 'reg_lambda': 0.7535887845167186, 'reg_alpha': 0.006751151129803729, 'scale_pos_weight': 52.63966167633958}
Best AUC score on training: 0.634284

Test Performance:
AUC-ROC Score: 0.634284
Accuracy: 0.767965
Classification Report:
              precision    recall  f1-score   support

           0       0.99      0.77      0.87      7169
           1       0.04      0.50      0.07       123

    accuracy                           0.77      7292
   macro avg       0.51      0.63      0.47      7292
weighted avg       0.97      0.77      0.85      7292


Timestamp: 2025-03-13 14:58:33
Model: XGBoost
Best Hyperparameters: {'learning_rate': 0.1040275387678505, 'n_estimators': 339, 'max_depth': 4, 'min_child_weight': 7, 'gamma': 4.09616589780161, 'subsample': 0.8628345990575292, 'colsample_bytree': 0.537160980152967, 'reg_lambda': 0.7535887845167186, 'reg_alpha': 0.006751151129803729, 'scale_pos_weight': 52.63966167633958}
Best AUC score on training: 0.634284

Test Performance:
AUC-ROC Score: 0.634284
Accuracy: 0.767965
Classification Report:
              precision    recall  f1-score   support

           0       0.99      0.77      0.87      7169
           1       0.04      0.50      0.07       123

    accuracy                           0.77      7292
   macro avg       0.51      0.63      0.47      7292
weighted avg       0.97      0.77      0.85      7292


Timestamp: 2025-03-13 15:01:11
Model: XGBoost
Best Hyperparameters: {'learning_rate': 0.1040275387678505, 'n_estimators': 339, 'max_depth': 4, 'min_child_weight': 7, 'gamma': 4.09616589780161, 'subsample': 0.8628345990575292, 'colsample_bytree': 0.537160980152967, 'reg_lambda': 0.7535887845167186, 'reg_alpha': 0.006751151129803729, 'scale_pos_weight': 52.63966167633958}
Best AUC score on training: 0.634284

Test Performance:
AUC-ROC Score: 0.634284
Accuracy: 0.767965
Classification Report:
              precision    recall  f1-score   support

           0       0.99      0.77      0.87      7169
           1       0.04      0.50      0.07       123

    accuracy                           0.77      7292
   macro avg       0.51      0.63      0.47      7292
weighted avg       0.97      0.77      0.85      7292

